{"level":"\u001b[32minfo\u001b[39m","message":"Server running in http://localhost:4000","timestamp":"2024-10-05T15:16:31.844Z"}
{"level":"\u001b[32minfo\u001b[39m","message":"Server running in http://localhost:4000","timestamp":"2024-10-05T15:16:37.340Z"}
{"level":"\u001b[32minfo\u001b[39m","message":"Server running in http://localhost:4000","timestamp":"2024-10-05T15:19:24.683Z"}
{"level":"\u001b[32minfo\u001b[39m","message":"Server running in http://localhost:4000","timestamp":"2024-10-05T15:20:50.261Z"}
{"level":"\u001b[32minfo\u001b[39m","message":"Server running in http://localhost:4000","timestamp":"2024-10-05T15:21:06.404Z"}
{"level":"\u001b[32minfo\u001b[39m","message":"Server running in http://localhost:4000","timestamp":"2024-10-05T15:23:01.361Z"}
{"level":"\u001b[32minfo\u001b[39m","message":"Server running in http://localhost:4000","timestamp":"2024-10-05T15:24:07.232Z"}
{"level":"\u001b[32minfo\u001b[39m","message":"Server running in http://localhost:4000","timestamp":"2024-10-05T15:24:10.266Z"}
{"level":"\u001b[32minfo\u001b[39m","message":"Server running in http://localhost:4000","timestamp":"2024-10-05T15:24:12.015Z"}
{"level":"\u001b[32minfo\u001b[39m","message":"Server running in http://localhost:4000","timestamp":"2024-10-05T15:24:13.186Z"}
{"level":"\u001b[32minfo\u001b[39m","message":"Server running in http://localhost:4000","timestamp":"2024-10-05T15:25:37.442Z"}
{"level":"\u001b[32minfo\u001b[39m","message":"Server running in http://localhost:4000","timestamp":"2024-10-05T15:25:38.750Z"}
{"level":"\u001b[32minfo\u001b[39m","message":"Server running in http://localhost:4000","timestamp":"2024-10-05T15:25:45.891Z"}
{"level":"\u001b[31merror\u001b[39m","message":"Error connecting to database","timestamp":"2024-10-20T03:34:01.909Z"}
{"level":"\u001b[32minfo\u001b[39m","message":"Server running in http://localhost:4000","timestamp":"2024-10-20T03:35:54.637Z"}
{"level":"\u001b[32minfo\u001b[39m","message":"{\"method\":\"GET\",\"url\":\"/\",\"status\":\"404\",\"responseTime\":\"2.308\"}","timestamp":"2024-10-20T03:36:31.333Z"}
{"level":"\u001b[32minfo\u001b[39m","message":"{\"method\":\"GET\",\"url\":\"/healthcheck\",\"status\":\"404\",\"responseTime\":\"2.041\"}","timestamp":"2024-10-20T03:36:48.516Z"}
{"level":"\u001b[31merror\u001b[39m","message":"Error connecting to database","timestamp":"2024-10-20T03:44:44.852Z"}
{"level":"\u001b[31merror\u001b[39m","message":"Error connecting to database","timestamp":"2024-10-20T03:48:27.049Z"}
{"level":"\u001b[31merror\u001b[39m","message":"Error connecting to database","timestamp":"2024-10-20T03:48:54.997Z"}
{"level":"\u001b[31merror\u001b[39m","message":"Error connecting to database","timestamp":"2024-10-20T03:49:02.441Z"}
{"level":"\u001b[31merror\u001b[39m","message":"Error connecting to database","timestamp":"2024-10-20T03:49:17.653Z"}
{"level":"\u001b[31merror\u001b[39m","message":"Error connecting to database","timestamp":"2024-10-20T03:49:27.041Z"}
{"level":"\u001b[31merror\u001b[39m","message":"Error connecting to database","timestamp":"2024-10-20T03:49:43.240Z"}
{"level":"\u001b[31merror\u001b[39m","message":"Error connecting to database","timestamp":"2024-10-20T03:49:51.431Z"}
{"level":"\u001b[31merror\u001b[39m","message":"Error connecting to database","timestamp":"2024-10-20T03:51:43.044Z"}
{"level":"\u001b[31merror\u001b[39m","message":"Error connecting to database","timestamp":"2024-10-20T03:51:56.939Z"}
{"level":"\u001b[31merror\u001b[39m","message":"Error connecting to database","timestamp":"2024-10-20T03:52:13.192Z"}
{"level":"\u001b[31merror\u001b[39m","message":"Error connecting to database","timestamp":"2024-10-20T03:52:25.109Z"}
{"level":"\u001b[31merror\u001b[39m","message":"Error connecting to database","timestamp":"2024-10-20T03:52:35.973Z"}
{"level":"\u001b[31merror\u001b[39m","message":"Error connecting to database","timestamp":"2024-10-20T03:52:51.844Z"}
{"level":"\u001b[31merror\u001b[39m","message":"Error connecting to database","timestamp":"2024-10-20T03:53:13.980Z"}
{"level":"\u001b[31merror\u001b[39m","message":"Error connecting to database","timestamp":"2024-10-20T03:53:21.527Z"}
{"level":"\u001b[31merror\u001b[39m","message":"Error connecting to database","timestamp":"2024-10-20T03:53:59.528Z"}
{"level":"\u001b[31merror\u001b[39m","message":"Error connecting to database","timestamp":"2024-10-20T03:54:14.550Z"}
{"level":"\u001b[31merror\u001b[39m","message":"Error connecting to database","timestamp":"2024-10-20T03:54:24.481Z"}
{"level":"\u001b[31merror\u001b[39m","message":"Error connecting to database","timestamp":"2024-10-20T03:54:31.964Z"}
{"level":"\u001b[31merror\u001b[39m","message":"Error connecting to database","timestamp":"2024-10-20T03:54:46.631Z"}
{"level":"\u001b[31merror\u001b[39m","message":"Error connecting to database","timestamp":"2024-10-20T03:54:52.729Z"}
{"level":"\u001b[31merror\u001b[39m","message":"Error connecting to database","timestamp":"2024-10-20T03:54:59.508Z"}
{"level":"\u001b[31merror\u001b[39m","message":"Error connecting to database","timestamp":"2024-10-20T03:55:25.521Z"}
{"level":"\u001b[31merror\u001b[39m","message":"Error connecting to database","timestamp":"2024-10-20T03:55:40.638Z"}
{"level":"\u001b[31merror\u001b[39m","message":"Error connecting to database","timestamp":"2024-10-20T03:55:58.012Z"}
{"level":"\u001b[31merror\u001b[39m","message":"Error connecting to database","timestamp":"2024-10-20T03:56:08.036Z"}
{"level":"\u001b[31merror\u001b[39m","message":"Error connecting to database","timestamp":"2024-10-20T03:56:25.025Z"}
{"level":"\u001b[31merror\u001b[39m","message":"Error connecting to database","timestamp":"2024-10-20T03:56:35.250Z"}
{"level":"\u001b[31merror\u001b[39m","message":"Error connecting to database","timestamp":"2024-10-20T03:56:57.058Z"}
{"level":"\u001b[31merror\u001b[39m","message":"Error connecting to database","timestamp":"2024-10-20T03:57:06.912Z"}
{"level":"\u001b[31merror\u001b[39m","message":"Error connecting to database","timestamp":"2024-10-20T03:57:38.880Z"}
{"level":"\u001b[31merror\u001b[39m","message":"Error connecting to database","timestamp":"2024-10-20T03:57:48.948Z"}
{"level":"\u001b[31merror\u001b[39m","message":"Error connecting to database","timestamp":"2024-10-20T03:59:07.623Z"}
{"level":"\u001b[31merror\u001b[39m","message":"Error connecting to database","timestamp":"2024-10-20T03:59:18.446Z"}
{"level":"\u001b[31merror\u001b[39m","message":"Error connecting to database","timestamp":"2024-10-20T03:59:41.551Z"}
{"level":"\u001b[31merror\u001b[39m","message":"Error connecting to database","timestamp":"2024-10-20T04:01:27.695Z"}
{"level":"\u001b[31merror\u001b[39m","message":"Error connecting to database","timestamp":"2024-10-20T04:03:33.802Z"}
{"level":"\u001b[31merror\u001b[39m","message":"Error connecting to database","timestamp":"2024-10-20T04:03:42.590Z"}
{"level":"\u001b[31merror\u001b[39m","message":"Error connecting to database","timestamp":"2024-10-20T04:04:24.531Z"}
{"level":"\u001b[31merror\u001b[39m","message":"Error connecting to database","timestamp":"2024-10-20T04:04:30.755Z"}
{"level":"\u001b[31merror\u001b[39m","message":"Error connecting to database","timestamp":"2024-10-20T04:06:23.111Z"}
{"level":"\u001b[31merror\u001b[39m","message":"Error connecting to database","timestamp":"2024-10-20T04:07:30.770Z"}
{"level":"\u001b[31merror\u001b[39m","message":"Error connecting to database","timestamp":"2024-10-20T04:07:36.099Z"}
{"level":"\u001b[31merror\u001b[39m","message":"Error connecting to database","timestamp":"2024-10-20T04:07:48.829Z"}
{"level":"\u001b[31merror\u001b[39m","message":"Error connecting to database","timestamp":"2024-10-20T04:07:56.195Z"}
{"level":"\u001b[31merror\u001b[39m","message":"Error connecting to database","timestamp":"2024-10-20T04:08:07.929Z"}
{"level":"\u001b[31merror\u001b[39m","message":"Error connecting to database","timestamp":"2024-10-20T04:11:36.509Z"}
{"level":"\u001b[31merror\u001b[39m","message":"Error connecting to database","timestamp":"2024-10-20T04:11:55.571Z"}
{"level":"\u001b[31merror\u001b[39m","message":"Error connecting to database","timestamp":"2024-10-20T04:12:01.220Z"}
{"level":"\u001b[31merror\u001b[39m","message":"Error connecting to database","timestamp":"2024-10-20T04:27:31.733Z"}
{"level":"\u001b[31merror\u001b[39m","message":"Error connecting to database","timestamp":"2024-10-20T04:27:52.488Z"}
{"level":"\u001b[31merror\u001b[39m","message":"Error connecting to database","timestamp":"2024-10-20T04:28:09.244Z"}
{"level":"\u001b[31merror\u001b[39m","message":"Error connecting to database","timestamp":"2024-10-20T04:28:25.014Z"}
{"level":"\u001b[31merror\u001b[39m","message":"Error connecting to database","timestamp":"2024-10-20T04:28:42.270Z"}
{"level":"\u001b[31merror\u001b[39m","message":"Error connecting to database","timestamp":"2024-10-20T04:29:48.097Z"}
{"level":"\u001b[31merror\u001b[39m","message":"Error connecting to database","timestamp":"2024-10-20T04:30:13.200Z"}
{"level":"\u001b[31merror\u001b[39m","message":"Error connecting to database","timestamp":"2024-10-20T04:30:31.471Z"}
{"level":"\u001b[31merror\u001b[39m","message":"Error connecting to database","timestamp":"2024-10-20T04:31:13.879Z"}
{"level":"\u001b[31merror\u001b[39m","message":"Error connecting to database","timestamp":"2024-10-20T04:31:23.084Z"}
{"level":"\u001b[31merror\u001b[39m","message":"Error connecting to database","timestamp":"2024-10-20T04:31:54.341Z"}
{"level":"\u001b[31merror\u001b[39m","message":"Error connecting to database","timestamp":"2024-10-20T04:31:59.830Z"}
{"level":"\u001b[31merror\u001b[39m","message":"Error connecting to database","timestamp":"2024-10-20T04:32:13.981Z"}
{"level":"\u001b[31merror\u001b[39m","message":"Error connecting to database","timestamp":"2024-10-20T04:32:20.119Z"}
{"level":"\u001b[31merror\u001b[39m","message":"Error connecting to database","timestamp":"2024-10-20T04:33:13.919Z"}
{"level":"\u001b[31merror\u001b[39m","message":"Error connecting to database","timestamp":"2024-10-20T04:33:34.886Z"}
{"level":"\u001b[31merror\u001b[39m","message":"Error connecting to database","timestamp":"2024-10-20T04:34:03.162Z"}
{"level":"\u001b[31merror\u001b[39m","message":"Error connecting to database","timestamp":"2024-10-20T04:34:16.195Z"}
{"level":"\u001b[31merror\u001b[39m","message":"Error connecting to database","timestamp":"2024-10-20T04:34:27.266Z"}
{"level":"\u001b[31merror\u001b[39m","message":"Error connecting to database","timestamp":"2024-10-20T04:34:45.690Z"}
{"level":"\u001b[31merror\u001b[39m","message":"Error connecting to database","timestamp":"2024-10-20T04:34:57.592Z"}
{"level":"\u001b[31merror\u001b[39m","message":"Error connecting to database","timestamp":"2024-10-20T04:35:12.929Z"}
{"level":"\u001b[31merror\u001b[39m","message":"Error connecting to database","timestamp":"2024-10-20T04:35:22.684Z"}
{"level":"\u001b[31merror\u001b[39m","message":"Error connecting to database","timestamp":"2024-10-20T04:35:34.492Z"}
{"level":"\u001b[31merror\u001b[39m","message":"Error connecting to database","timestamp":"2024-10-20T04:36:07.067Z"}
{"level":"\u001b[31merror\u001b[39m","message":"Error connecting to database","timestamp":"2024-10-20T04:36:23.844Z"}
{"level":"\u001b[31merror\u001b[39m","message":"Error connecting to database","timestamp":"2024-10-20T04:36:38.369Z"}
{"level":"\u001b[31merror\u001b[39m","message":"Error connecting to database","timestamp":"2024-10-20T04:36:46.724Z"}
{"level":"\u001b[31merror\u001b[39m","message":"Error connecting to database","timestamp":"2024-10-20T04:37:35.509Z"}
{"level":"\u001b[31merror\u001b[39m","message":"Error connecting to database","timestamp":"2024-10-20T04:37:52.554Z"}
{"level":"\u001b[31merror\u001b[39m","message":"Error connecting to database","timestamp":"2024-10-20T04:38:00.471Z"}
{"level":"\u001b[31merror\u001b[39m","message":"Error connecting to database","timestamp":"2024-10-20T04:38:09.650Z"}
{"level":"\u001b[31merror\u001b[39m","message":"Error connecting to database","timestamp":"2024-10-20T04:38:25.355Z"}
{"level":"\u001b[31merror\u001b[39m","message":"Error connecting to database","timestamp":"2024-10-20T04:39:32.009Z"}
{"level":"\u001b[31merror\u001b[39m","message":"Error connecting to database","timestamp":"2024-10-20T04:39:41.439Z"}
{"level":"\u001b[31merror\u001b[39m","message":"Error connecting to database","timestamp":"2024-10-20T04:39:57.746Z"}
{"level":"\u001b[31merror\u001b[39m","message":"Error connecting to database","timestamp":"2024-10-20T04:40:03.730Z"}
{"level":"\u001b[31merror\u001b[39m","message":"Error connecting to database","timestamp":"2024-10-20T04:43:18.919Z"}
{"level":"\u001b[31merror\u001b[39m","message":"Error connecting to database","timestamp":"2024-10-20T04:44:52.689Z"}
{"level":"\u001b[31merror\u001b[39m","message":"Error connecting to database","timestamp":"2024-10-20T04:45:27.768Z"}
{"level":"\u001b[31merror\u001b[39m","message":"Error connecting to database","timestamp":"2024-10-20T04:45:43.611Z"}
{"level":"\u001b[31merror\u001b[39m","message":"Error connecting to database","timestamp":"2024-10-20T04:46:24.748Z"}
{"level":"\u001b[31merror\u001b[39m","message":"Error connecting to database","timestamp":"2024-10-20T04:46:38.189Z"}
{"level":"\u001b[31merror\u001b[39m","message":"Error connecting to database","timestamp":"2024-10-20T05:04:23.715Z"}
{"level":"\u001b[32minfo\u001b[39m","message":"Server running in http://localhost:4000","timestamp":"2024-10-20T05:07:28.877Z"}
{"level":"\u001b[32minfo\u001b[39m","message":"Server running in http://localhost:4000","timestamp":"2024-10-20T05:08:37.736Z"}
{"level":"\u001b[32minfo\u001b[39m","message":"Server running in http://localhost:4000","timestamp":"2024-10-20T05:08:56.258Z"}
{"level":"\u001b[32minfo\u001b[39m","message":"Server running in http://localhost:4000","timestamp":"2024-10-20T05:09:04.461Z"}
{"level":"\u001b[32minfo\u001b[39m","message":"Server running in http://localhost:4000","timestamp":"2024-10-20T05:09:24.707Z"}
{"level":"\u001b[32minfo\u001b[39m","message":"Server running in http://localhost:4000","timestamp":"2024-10-20T05:11:06.249Z"}
{"level":"\u001b[32minfo\u001b[39m","message":"Server running in http://localhost:4000","timestamp":"2024-10-20T05:11:11.147Z"}
{"level":"\u001b[32minfo\u001b[39m","message":"Server running in http://localhost:4000","timestamp":"2024-10-20T05:11:17.419Z"}
{"level":"\u001b[32minfo\u001b[39m","message":"Server running in http://localhost:4000","timestamp":"2024-10-20T05:21:32.203Z"}
{"level":"\u001b[32minfo\u001b[39m","message":"Server running in http://localhost:4000","timestamp":"2024-10-20T05:21:35.848Z"}
{"level":"\u001b[32minfo\u001b[39m","message":"Server running in http://localhost:4000","timestamp":"2024-10-20T05:21:39.255Z"}
{"level":"\u001b[32minfo\u001b[39m","message":"Server running in http://localhost:4000","timestamp":"2024-10-20T05:21:50.495Z"}
{"level":"\u001b[32minfo\u001b[39m","message":"Server running in http://localhost:4000","timestamp":"2024-10-20T05:21:52.240Z"}
{"level":"\u001b[32minfo\u001b[39m","message":"Server running in http://localhost:4000","timestamp":"2024-10-20T05:21:55.856Z"}
{"level":"\u001b[32minfo\u001b[39m","message":"Server running in http://localhost:4000","timestamp":"2024-10-20T05:22:07.278Z"}
{"level":"\u001b[32minfo\u001b[39m","message":"Server running in http://localhost:4000","timestamp":"2024-10-20T05:22:09.408Z"}
{"level":"\u001b[32minfo\u001b[39m","message":"Server running in http://localhost:4000","timestamp":"2024-10-20T05:22:12.463Z"}
{"level":"\u001b[32minfo\u001b[39m","message":"Server running in http://localhost:4000","timestamp":"2024-10-20T05:22:16.778Z"}
{"level":"\u001b[32minfo\u001b[39m","message":"Server running in http://localhost:4000","timestamp":"2024-10-20T05:22:19.869Z"}
{"level":"\u001b[32minfo\u001b[39m","message":"Server running in http://localhost:4000","timestamp":"2024-10-20T05:22:22.581Z"}
{"level":"\u001b[32minfo\u001b[39m","message":"Server running in http://localhost:4000","timestamp":"2024-10-20T05:22:27.740Z"}
{"level":"\u001b[32minfo\u001b[39m","message":"Server running in http://localhost:4000","timestamp":"2024-10-20T05:22:29.327Z"}
{"level":"\u001b[32minfo\u001b[39m","message":"Server running in http://localhost:4000","timestamp":"2024-10-20T05:22:38.127Z"}
{"level":"\u001b[32minfo\u001b[39m","message":"Server running in http://localhost:4000","timestamp":"2024-10-20T05:22:40.257Z"}
{"level":"\u001b[32minfo\u001b[39m","message":"Server running in http://localhost:4000","timestamp":"2024-10-20T05:22:46.735Z"}
{"level":"\u001b[32minfo\u001b[39m","message":"Server running in http://localhost:4000","timestamp":"2024-10-20T05:22:51.518Z"}
{"level":"\u001b[32minfo\u001b[39m","message":"Server running in http://localhost:4000","timestamp":"2024-10-20T05:22:58.243Z"}
{"level":"\u001b[32minfo\u001b[39m","message":"Server running in http://localhost:4000","timestamp":"2024-10-20T05:22:59.461Z"}
{"level":"\u001b[32minfo\u001b[39m","message":"Server running in http://localhost:4000","timestamp":"2024-10-20T05:23:03.322Z"}
{"level":"\u001b[32minfo\u001b[39m","message":"Server running in http://localhost:4000","timestamp":"2024-10-20T05:23:05.956Z"}
{"level":"\u001b[32minfo\u001b[39m","message":"Server running in http://localhost:4000","timestamp":"2024-10-20T05:23:07.397Z"}
{"level":"\u001b[32minfo\u001b[39m","message":"Server running in http://localhost:4000","timestamp":"2024-10-20T05:23:22.170Z"}
{"level":"\u001b[32minfo\u001b[39m","message":"Server running in http://localhost:4000","timestamp":"2024-10-20T05:23:28.067Z"}
{"level":"\u001b[32minfo\u001b[39m","message":"Server running in http://localhost:4000","timestamp":"2024-10-20T05:23:33.067Z"}
{"level":"\u001b[32minfo\u001b[39m","message":"Server running in http://localhost:4000","timestamp":"2024-10-20T05:23:45.535Z"}
{"level":"\u001b[32minfo\u001b[39m","message":"Server running in http://localhost:4000","timestamp":"2024-10-20T05:23:47.723Z"}
{"level":"\u001b[32minfo\u001b[39m","message":"Server running in http://localhost:4000","timestamp":"2024-10-20T05:23:49.897Z"}
{"level":"\u001b[32minfo\u001b[39m","message":"Server running in http://localhost:4000","timestamp":"2024-10-20T05:23:50.894Z"}
{"level":"\u001b[32minfo\u001b[39m","message":"Server running in http://localhost:4000","timestamp":"2024-10-20T05:23:52.496Z"}
{"level":"\u001b[32minfo\u001b[39m","message":"Server running in http://localhost:4000","timestamp":"2024-10-20T05:23:54.442Z"}
{"level":"\u001b[32minfo\u001b[39m","message":"Server running in http://localhost:4000","timestamp":"2024-10-20T05:23:56.312Z"}
{"level":"\u001b[32minfo\u001b[39m","message":"Server running in http://localhost:4000","timestamp":"2024-10-20T05:24:00.239Z"}
{"level":"\u001b[32minfo\u001b[39m","message":"Server running in http://localhost:4000","timestamp":"2024-10-20T05:24:02.397Z"}
{"level":"\u001b[32minfo\u001b[39m","message":"Server running in http://localhost:4000","timestamp":"2024-10-20T05:24:08.148Z"}
{"level":"\u001b[32minfo\u001b[39m","message":"Server running in http://localhost:4000","timestamp":"2024-10-20T05:24:27.773Z"}
{"level":"\u001b[32minfo\u001b[39m","message":"Server running in http://localhost:4000","timestamp":"2024-10-20T05:24:30.109Z"}
{"level":"\u001b[32minfo\u001b[39m","message":"Server running in http://localhost:4000","timestamp":"2024-10-20T05:24:32.531Z"}
{"level":"\u001b[32minfo\u001b[39m","message":"Server running in http://localhost:4000","timestamp":"2024-10-20T05:24:33.921Z"}
{"level":"\u001b[32minfo\u001b[39m","message":"Server running in http://localhost:4000","timestamp":"2024-10-20T05:24:35.820Z"}
{"level":"\u001b[32minfo\u001b[39m","message":"Server running in http://localhost:4000","timestamp":"2024-10-20T05:24:37.639Z"}
{"level":"\u001b[32minfo\u001b[39m","message":"Server running in http://localhost:4000","timestamp":"2024-10-20T05:24:39.001Z"}
{"level":"\u001b[32minfo\u001b[39m","message":"Server running in http://localhost:4000","timestamp":"2024-10-20T05:24:40.344Z"}
{"level":"\u001b[32minfo\u001b[39m","message":"Server running in http://localhost:4000","timestamp":"2024-10-20T05:24:43.773Z"}
{"level":"\u001b[32minfo\u001b[39m","message":"Server running in http://localhost:4000","timestamp":"2024-10-20T05:24:44.803Z"}
{"level":"\u001b[32minfo\u001b[39m","message":"Server running in http://localhost:4000","timestamp":"2024-10-20T05:24:47.048Z"}
{"level":"\u001b[32minfo\u001b[39m","message":"Server running in http://localhost:4000","timestamp":"2024-10-20T05:24:52.568Z"}
{"level":"\u001b[32minfo\u001b[39m","message":"Server running in http://localhost:4000","timestamp":"2024-10-20T05:24:53.656Z"}
{"level":"\u001b[32minfo\u001b[39m","message":"Server running in http://localhost:4000","timestamp":"2024-10-20T05:24:57.124Z"}
{"level":"\u001b[32minfo\u001b[39m","message":"Server running in http://localhost:4000","timestamp":"2024-10-20T05:25:01.620Z"}
{"level":"\u001b[32minfo\u001b[39m","message":"Server running in http://localhost:4000","timestamp":"2024-10-20T05:25:06.845Z"}
{"level":"\u001b[32minfo\u001b[39m","message":"Server running in http://localhost:4000","timestamp":"2024-10-20T05:25:09.561Z"}
{"level":"\u001b[32minfo\u001b[39m","message":"Server running in http://localhost:4000","timestamp":"2024-10-20T05:25:14.267Z"}
{"level":"\u001b[32minfo\u001b[39m","message":"Server running in http://localhost:4000","timestamp":"2024-10-20T05:25:16.432Z"}
{"level":"\u001b[32minfo\u001b[39m","message":"Server running in http://localhost:4000","timestamp":"2024-10-20T05:25:19.109Z"}
{"level":"\u001b[32minfo\u001b[39m","message":"Server running in http://localhost:4000","timestamp":"2024-10-20T05:25:22.711Z"}
{"level":"\u001b[32minfo\u001b[39m","message":"Server running in http://localhost:4000","timestamp":"2024-10-20T05:25:25.955Z"}
{"level":"\u001b[32minfo\u001b[39m","message":"Server running in http://localhost:4000","timestamp":"2024-10-20T05:25:31.491Z"}
{"level":"\u001b[32minfo\u001b[39m","message":"Server running in http://localhost:4000","timestamp":"2024-10-20T05:25:39.706Z"}
{"level":"\u001b[32minfo\u001b[39m","message":"Server running in http://localhost:4000","timestamp":"2024-10-20T05:25:41.360Z"}
{"level":"\u001b[32minfo\u001b[39m","message":"Server running in http://localhost:4000","timestamp":"2024-10-20T05:25:48.550Z"}
{"level":"\u001b[32minfo\u001b[39m","message":"Server running in http://localhost:4000","timestamp":"2024-10-20T05:25:54.842Z"}
{"level":"\u001b[32minfo\u001b[39m","message":"Server running in http://localhost:4000","timestamp":"2024-10-20T05:25:56.666Z"}
{"level":"\u001b[32minfo\u001b[39m","message":"Server running in http://localhost:4000","timestamp":"2024-10-20T05:25:58.728Z"}
{"level":"\u001b[32minfo\u001b[39m","message":"Server running in http://localhost:4000","timestamp":"2024-10-20T05:26:02.021Z"}
{"level":"\u001b[32minfo\u001b[39m","message":"Server running in http://localhost:4000","timestamp":"2024-10-20T05:26:07.518Z"}
{"level":"\u001b[32minfo\u001b[39m","message":"Server running in http://localhost:4000","timestamp":"2024-10-20T05:26:10.704Z"}
{"level":"\u001b[32minfo\u001b[39m","message":"Server running in http://localhost:4000","timestamp":"2024-10-20T05:26:16.607Z"}
{"level":"\u001b[32minfo\u001b[39m","message":"Server running in http://localhost:4000","timestamp":"2024-10-20T05:26:19.254Z"}
{"level":"\u001b[32minfo\u001b[39m","message":"Server running in http://localhost:4000","timestamp":"2024-10-20T05:26:22.497Z"}
{"level":"\u001b[32minfo\u001b[39m","message":"Server running in http://localhost:4000","timestamp":"2024-10-20T05:26:26.039Z"}
{"level":"\u001b[32minfo\u001b[39m","message":"Server running in http://localhost:4000","timestamp":"2024-10-20T05:26:32.326Z"}
{"level":"\u001b[32minfo\u001b[39m","message":"Server running in http://localhost:4000","timestamp":"2024-10-20T05:26:35.653Z"}
{"level":"\u001b[32minfo\u001b[39m","message":"Server running in http://localhost:4000","timestamp":"2024-10-20T05:26:37.467Z"}
{"level":"\u001b[32minfo\u001b[39m","message":"Server running in http://localhost:4000","timestamp":"2024-10-20T05:26:43.595Z"}
{"level":"\u001b[32minfo\u001b[39m","message":"Server running in http://localhost:4000","timestamp":"2024-10-20T05:26:45.907Z"}
{"level":"\u001b[32minfo\u001b[39m","message":"Server running in http://localhost:4000","timestamp":"2024-10-20T05:26:49.505Z"}
{"level":"\u001b[32minfo\u001b[39m","message":"Server running in http://localhost:4000","timestamp":"2024-10-20T05:26:51.996Z"}
{"level":"\u001b[32minfo\u001b[39m","message":"Server running in http://localhost:4000","timestamp":"2024-10-20T05:27:07.980Z"}
{"level":"\u001b[32minfo\u001b[39m","message":"Server running in http://localhost:4000","timestamp":"2024-10-20T05:27:10.183Z"}
{"level":"\u001b[32minfo\u001b[39m","message":"Server running in http://localhost:4000","timestamp":"2024-10-20T05:27:12.454Z"}
{"level":"\u001b[32minfo\u001b[39m","message":"Server running in http://localhost:4000","timestamp":"2024-10-20T05:27:20.672Z"}
{"level":"\u001b[32minfo\u001b[39m","message":"Server running in http://localhost:4000","timestamp":"2024-10-20T05:27:27.470Z"}
{"level":"\u001b[32minfo\u001b[39m","message":"Server running in http://localhost:4000","timestamp":"2024-10-20T05:27:28.530Z"}
{"level":"\u001b[32minfo\u001b[39m","message":"Server running in http://localhost:4000","timestamp":"2024-10-20T05:27:57.802Z"}
{"level":"\u001b[32minfo\u001b[39m","message":"Server running in http://localhost:4000","timestamp":"2024-10-20T05:28:09.722Z"}
{"level":"\u001b[32minfo\u001b[39m","message":"Server running in http://localhost:4000","timestamp":"2024-10-20T05:28:13.906Z"}
{"level":"\u001b[32minfo\u001b[39m","message":"Server running in http://localhost:4000","timestamp":"2024-10-20T05:28:18.025Z"}
{"level":"\u001b[32minfo\u001b[39m","message":"Server running in http://localhost:4000","timestamp":"2024-10-20T05:28:24.148Z"}
{"level":"\u001b[32minfo\u001b[39m","message":"Server running in http://localhost:4000","timestamp":"2024-10-20T05:28:25.877Z"}
{"level":"\u001b[32minfo\u001b[39m","message":"Server running in http://localhost:4000","timestamp":"2024-10-20T05:28:28.182Z"}
{"level":"\u001b[32minfo\u001b[39m","message":"Server running in http://localhost:4000","timestamp":"2024-10-20T05:28:31.883Z"}
{"level":"\u001b[32minfo\u001b[39m","message":"Server running in http://localhost:4000","timestamp":"2024-10-20T05:28:35.157Z"}
{"level":"\u001b[32minfo\u001b[39m","message":"Server running in http://localhost:4000","timestamp":"2024-10-20T05:28:37.273Z"}
{"level":"\u001b[32minfo\u001b[39m","message":"Server running in http://localhost:4000","timestamp":"2024-10-20T05:28:46.597Z"}
{"level":"\u001b[32minfo\u001b[39m","message":"Server running in http://localhost:4000","timestamp":"2024-10-20T05:28:47.669Z"}
{"level":"\u001b[32minfo\u001b[39m","message":"Server running in http://localhost:4000","timestamp":"2024-10-20T05:28:51.750Z"}
{"level":"\u001b[32minfo\u001b[39m","message":"Server running in http://localhost:4000","timestamp":"2024-10-20T05:28:58.577Z"}
{"level":"\u001b[32minfo\u001b[39m","message":"Server running in http://localhost:4000","timestamp":"2024-10-20T05:28:59.921Z"}
{"level":"\u001b[32minfo\u001b[39m","message":"Server running in http://localhost:4000","timestamp":"2024-10-20T05:29:01.300Z"}
{"level":"\u001b[32minfo\u001b[39m","message":"Server running in http://localhost:4000","timestamp":"2024-10-20T05:29:03.062Z"}
{"level":"\u001b[32minfo\u001b[39m","message":"Server running in http://localhost:4000","timestamp":"2024-10-20T05:29:04.607Z"}
{"level":"\u001b[32minfo\u001b[39m","message":"Server running in http://localhost:4000","timestamp":"2024-10-20T05:29:07.133Z"}
{"level":"\u001b[32minfo\u001b[39m","message":"Server running in http://localhost:4000","timestamp":"2024-10-20T05:29:08.147Z"}
{"level":"\u001b[32minfo\u001b[39m","message":"Server running in http://localhost:4000","timestamp":"2024-10-20T05:29:09.665Z"}
{"level":"\u001b[32minfo\u001b[39m","message":"Server running in http://localhost:4000","timestamp":"2024-10-20T05:29:11.210Z"}
{"level":"\u001b[32minfo\u001b[39m","message":"Server running in http://localhost:4000","timestamp":"2024-10-20T05:29:13.018Z"}
{"level":"\u001b[32minfo\u001b[39m","message":"Server running in http://localhost:4000","timestamp":"2024-10-20T05:29:16.490Z"}
{"level":"\u001b[32minfo\u001b[39m","message":"Server running in http://localhost:4000","timestamp":"2024-10-20T05:29:24.228Z"}
{"level":"\u001b[32minfo\u001b[39m","message":"Server running in http://localhost:4000","timestamp":"2024-10-20T05:29:31.731Z"}
{"level":"\u001b[32minfo\u001b[39m","message":"Server running in http://localhost:4000","timestamp":"2024-10-20T05:29:33.260Z"}
{"level":"\u001b[32minfo\u001b[39m","message":"Server running in http://localhost:4000","timestamp":"2024-10-20T05:29:39.954Z"}
{"level":"\u001b[32minfo\u001b[39m","message":"Server running in http://localhost:4000","timestamp":"2024-10-20T05:29:42.022Z"}
{"level":"\u001b[32minfo\u001b[39m","message":"Server running in http://localhost:4000","timestamp":"2024-10-20T05:29:44.657Z"}
{"level":"\u001b[32minfo\u001b[39m","message":"Server running in http://localhost:4000","timestamp":"2024-10-20T05:29:47.825Z"}
{"level":"\u001b[32minfo\u001b[39m","message":"Server running in http://localhost:4000","timestamp":"2024-10-20T05:29:54.355Z"}
{"level":"\u001b[32minfo\u001b[39m","message":"Server running in http://localhost:4000","timestamp":"2024-10-20T05:30:00.991Z"}
{"level":"\u001b[32minfo\u001b[39m","message":"Server running in http://localhost:4000","timestamp":"2024-10-20T05:30:07.874Z"}
{"level":"\u001b[32minfo\u001b[39m","message":"Server running in http://localhost:4000","timestamp":"2024-10-20T05:30:48.181Z"}
{"level":"\u001b[32minfo\u001b[39m","message":"Server running in http://localhost:4000","timestamp":"2024-10-20T05:30:52.692Z"}
{"level":"\u001b[32minfo\u001b[39m","message":"Server running in http://localhost:4000","timestamp":"2024-10-20T05:30:55.373Z"}
{"level":"\u001b[32minfo\u001b[39m","message":"Server running in http://localhost:4000","timestamp":"2024-10-20T05:31:09.450Z"}
{"level":"\u001b[32minfo\u001b[39m","message":"Server running in http://localhost:4000","timestamp":"2024-10-20T05:31:10.739Z"}
{"level":"\u001b[32minfo\u001b[39m","message":"Server running in http://localhost:4000","timestamp":"2024-10-20T05:31:12.675Z"}
{"level":"\u001b[32minfo\u001b[39m","message":"Server running in http://localhost:4000","timestamp":"2024-10-20T05:31:19.813Z"}
{"level":"\u001b[32minfo\u001b[39m","message":"Server running in http://localhost:4000","timestamp":"2024-10-20T05:31:23.530Z"}
{"level":"\u001b[32minfo\u001b[39m","message":"Server running in http://localhost:4000","timestamp":"2024-10-20T05:31:25.101Z"}
{"level":"\u001b[32minfo\u001b[39m","message":"Server running in http://localhost:4000","timestamp":"2024-10-20T05:31:26.911Z"}
{"level":"\u001b[32minfo\u001b[39m","message":"Server running in http://localhost:4000","timestamp":"2024-10-20T05:31:30.992Z"}
{"level":"\u001b[32minfo\u001b[39m","message":"Server running in http://localhost:4000","timestamp":"2024-10-20T05:31:32.803Z"}
{"level":"\u001b[32minfo\u001b[39m","message":"Server running in http://localhost:4000","timestamp":"2024-10-20T05:31:33.911Z"}
{"level":"\u001b[32minfo\u001b[39m","message":"Server running in http://localhost:4000","timestamp":"2024-10-20T05:31:37.872Z"}
{"level":"\u001b[32minfo\u001b[39m","message":"Server running in http://localhost:4000","timestamp":"2024-10-20T05:31:42.229Z"}
{"level":"\u001b[32minfo\u001b[39m","message":"Server running in http://localhost:4000","timestamp":"2024-10-20T05:31:48.854Z"}
{"level":"\u001b[32minfo\u001b[39m","message":"Server running in http://localhost:4000","timestamp":"2024-10-20T05:31:54.685Z"}
{"level":"\u001b[32minfo\u001b[39m","message":"Server running in http://localhost:4000","timestamp":"2024-10-20T05:32:02.212Z"}
{"level":"\u001b[32minfo\u001b[39m","message":"Server running in http://localhost:4000","timestamp":"2024-10-20T05:32:06.120Z"}
{"level":"\u001b[32minfo\u001b[39m","message":"Server running in http://localhost:4000","timestamp":"2024-10-20T05:32:07.644Z"}
{"level":"\u001b[32minfo\u001b[39m","message":"Server running in http://localhost:4000","timestamp":"2024-10-20T05:32:09.882Z"}
{"level":"\u001b[32minfo\u001b[39m","message":"Server running in http://localhost:4000","timestamp":"2024-10-20T05:32:21.080Z"}
{"level":"\u001b[32minfo\u001b[39m","message":"Server running in http://localhost:4000","timestamp":"2024-10-20T05:32:59.491Z"}
{"level":"\u001b[32minfo\u001b[39m","message":"Server running in http://localhost:4000","timestamp":"2024-10-20T05:33:02.216Z"}
{"level":"\u001b[32minfo\u001b[39m","message":"Server running in http://localhost:4000","timestamp":"2024-10-20T05:33:05.396Z"}
{"level":"\u001b[32minfo\u001b[39m","message":"Server running in http://localhost:4000","timestamp":"2024-10-20T05:33:08.192Z"}
{"level":"\u001b[32minfo\u001b[39m","message":"Server running in http://localhost:4000","timestamp":"2024-10-20T05:33:11.444Z"}
{"level":"\u001b[32minfo\u001b[39m","message":"Server running in http://localhost:4000","timestamp":"2024-10-20T05:33:15.949Z"}
{"level":"\u001b[32minfo\u001b[39m","message":"Server running in http://localhost:4000","timestamp":"2024-10-20T05:33:17.953Z"}
{"level":"\u001b[32minfo\u001b[39m","message":"Server running in http://localhost:4000","timestamp":"2024-10-20T05:33:20.065Z"}
{"level":"\u001b[32minfo\u001b[39m","message":"Server running in http://localhost:4000","timestamp":"2024-10-20T05:33:35.255Z"}
{"level":"\u001b[32minfo\u001b[39m","message":"Server running in http://localhost:4000","timestamp":"2024-10-20T05:33:37.485Z"}
{"level":"\u001b[32minfo\u001b[39m","message":"Server running in http://localhost:4000","timestamp":"2024-10-20T05:33:38.425Z"}
{"level":"\u001b[32minfo\u001b[39m","message":"Server running in http://localhost:4000","timestamp":"2024-10-20T05:33:41.012Z"}
{"level":"\u001b[32minfo\u001b[39m","message":"Server running in http://localhost:4000","timestamp":"2024-10-20T05:33:42.667Z"}
{"level":"\u001b[32minfo\u001b[39m","message":"Server running in http://localhost:4000","timestamp":"2024-10-20T05:33:52.225Z"}
{"level":"\u001b[32minfo\u001b[39m","message":"Server running in http://localhost:4000","timestamp":"2024-10-20T05:33:53.987Z"}
{"level":"\u001b[32minfo\u001b[39m","message":"Server running in http://localhost:4000","timestamp":"2024-10-20T05:33:58.592Z"}
{"level":"\u001b[32minfo\u001b[39m","message":"Server running in http://localhost:4000","timestamp":"2024-10-20T05:34:02.464Z"}
{"level":"\u001b[32minfo\u001b[39m","message":"Server running in http://localhost:4000","timestamp":"2024-10-20T05:34:03.489Z"}
{"level":"\u001b[32minfo\u001b[39m","message":"Server running in http://localhost:4000","timestamp":"2024-10-20T05:34:15.698Z"}
{"level":"\u001b[32minfo\u001b[39m","message":"Server running in http://localhost:4000","timestamp":"2024-10-20T05:34:21.950Z"}
{"level":"\u001b[32minfo\u001b[39m","message":"Server running in http://localhost:4000","timestamp":"2024-10-20T05:34:25.602Z"}
{"level":"\u001b[32minfo\u001b[39m","message":"Server running in http://localhost:4000","timestamp":"2024-10-20T05:34:26.601Z"}
{"level":"\u001b[32minfo\u001b[39m","message":"Server running in http://localhost:4000","timestamp":"2024-10-20T05:34:39.519Z"}
{"level":"\u001b[32minfo\u001b[39m","message":"Server running in http://localhost:4000","timestamp":"2024-10-20T05:34:45.355Z"}
{"level":"\u001b[32minfo\u001b[39m","message":"Server running in http://localhost:4000","timestamp":"2024-10-20T05:34:47.211Z"}
{"level":"\u001b[32minfo\u001b[39m","message":"Server running in http://localhost:4000","timestamp":"2024-10-20T05:34:51.887Z"}
{"level":"\u001b[32minfo\u001b[39m","message":"Server running in http://localhost:4000","timestamp":"2024-10-20T05:34:53.785Z"}
{"level":"\u001b[32minfo\u001b[39m","message":"Server running in http://localhost:4000","timestamp":"2024-10-20T05:38:42.483Z"}
{"level":"\u001b[32minfo\u001b[39m","message":"Server running in http://localhost:4000","timestamp":"2024-10-20T05:38:49.314Z"}
{"level":"\u001b[32minfo\u001b[39m","message":"Server running in http://localhost:4000","timestamp":"2024-10-20T05:38:56.011Z"}
{"level":"\u001b[32minfo\u001b[39m","message":"Server running in http://localhost:4000","timestamp":"2024-10-20T05:38:57.843Z"}
{"level":"\u001b[32minfo\u001b[39m","message":"Server running in http://localhost:4000","timestamp":"2024-10-20T05:38:59.255Z"}
{"level":"\u001b[32minfo\u001b[39m","message":"Server running in http://localhost:4000","timestamp":"2024-10-20T05:39:49.029Z"}
{"level":"\u001b[32minfo\u001b[39m","message":"Server running in http://localhost:4000","timestamp":"2024-10-20T05:39:52.874Z"}
{"level":"\u001b[32minfo\u001b[39m","message":"Server running in http://localhost:4000","timestamp":"2024-10-20T05:39:56.206Z"}
{"level":"\u001b[32minfo\u001b[39m","message":"Server running in http://localhost:4000","timestamp":"2024-10-20T05:39:58.670Z"}
{"level":"\u001b[32minfo\u001b[39m","message":"Server running in http://localhost:4000","timestamp":"2024-10-20T05:40:06.249Z"}
{"level":"\u001b[32minfo\u001b[39m","message":"Server running in http://localhost:4000","timestamp":"2024-10-20T05:40:08.574Z"}
{"level":"\u001b[32minfo\u001b[39m","message":"Server running in http://localhost:4000","timestamp":"2024-10-20T05:40:10.096Z"}
{"level":"\u001b[32minfo\u001b[39m","message":"Server running in http://localhost:4000","timestamp":"2024-10-20T05:40:29.553Z"}
{"level":"\u001b[32minfo\u001b[39m","message":"Server running in http://localhost:4000","timestamp":"2024-10-20T05:40:34.065Z"}
{"level":"\u001b[32minfo\u001b[39m","message":"Server running in http://localhost:4000","timestamp":"2024-10-20T05:40:39.459Z"}
{"level":"\u001b[32minfo\u001b[39m","message":"Server running in http://localhost:4000","timestamp":"2024-10-20T05:40:53.501Z"}
{"level":"\u001b[32minfo\u001b[39m","message":"Server running in http://localhost:4000","timestamp":"2024-10-20T05:40:58.516Z"}
{"level":"\u001b[32minfo\u001b[39m","message":"Server running in http://localhost:4000","timestamp":"2024-10-20T05:41:00.862Z"}
{"level":"\u001b[32minfo\u001b[39m","message":"Server running in http://localhost:4000","timestamp":"2024-10-20T05:41:03.236Z"}
{"level":"\u001b[32minfo\u001b[39m","message":"Server running in http://localhost:4000","timestamp":"2024-10-20T05:41:08.103Z"}
{"level":"\u001b[32minfo\u001b[39m","message":"Server running in http://localhost:4000","timestamp":"2024-10-20T05:41:17.902Z"}
{"level":"\u001b[32minfo\u001b[39m","message":"Server running in http://localhost:4000","timestamp":"2024-10-20T05:41:23.540Z"}
{"level":"\u001b[32minfo\u001b[39m","message":"Server running in http://localhost:4000","timestamp":"2024-10-20T05:41:24.901Z"}
{"level":"\u001b[32minfo\u001b[39m","message":"Server running in http://localhost:4000","timestamp":"2024-10-20T05:41:28.006Z"}
{"level":"\u001b[32minfo\u001b[39m","message":"Server running in http://localhost:4000","timestamp":"2024-10-20T05:41:29.896Z"}
{"level":"\u001b[32minfo\u001b[39m","message":"Server running in http://localhost:4000","timestamp":"2024-10-20T05:41:30.959Z"}
{"level":"\u001b[32minfo\u001b[39m","message":"Server running in http://localhost:4000","timestamp":"2024-10-20T05:41:33.624Z"}
{"level":"\u001b[32minfo\u001b[39m","message":"Server running in http://localhost:4000","timestamp":"2024-10-20T05:41:44.990Z"}
{"level":"\u001b[32minfo\u001b[39m","message":"Server running in http://localhost:4000","timestamp":"2024-10-20T05:41:51.876Z"}
{"level":"\u001b[32minfo\u001b[39m","message":"Server running in http://localhost:4000","timestamp":"2024-10-20T05:41:53.332Z"}
{"level":"\u001b[32minfo\u001b[39m","message":"Server running in http://localhost:4000","timestamp":"2024-10-20T05:41:56.086Z"}
{"level":"\u001b[32minfo\u001b[39m","message":"Server running in http://localhost:4000","timestamp":"2024-10-20T05:41:57.207Z"}
{"level":"\u001b[32minfo\u001b[39m","message":"Server running in http://localhost:4000","timestamp":"2024-10-20T05:41:58.701Z"}
{"level":"\u001b[32minfo\u001b[39m","message":"Server running in http://localhost:4000","timestamp":"2024-10-20T05:42:02.259Z"}
{"level":"\u001b[32minfo\u001b[39m","message":"Server running in http://localhost:4000","timestamp":"2024-10-20T05:42:03.735Z"}
{"level":"\u001b[32minfo\u001b[39m","message":"Server running in http://localhost:4000","timestamp":"2024-10-20T05:42:07.034Z"}
{"level":"\u001b[32minfo\u001b[39m","message":"Server running in http://localhost:4000","timestamp":"2024-10-20T05:42:08.341Z"}
{"level":"\u001b[32minfo\u001b[39m","message":"Server running in http://localhost:4000","timestamp":"2024-10-20T05:42:10.630Z"}
{"level":"\u001b[32minfo\u001b[39m","message":"Server running in http://localhost:4000","timestamp":"2024-10-20T05:42:13.841Z"}
{"level":"\u001b[32minfo\u001b[39m","message":"Server running in http://localhost:4000","timestamp":"2024-10-20T05:42:16.559Z"}
{"level":"\u001b[32minfo\u001b[39m","message":"Server running in http://localhost:4000","timestamp":"2024-10-20T05:42:21.615Z"}
{"level":"\u001b[32minfo\u001b[39m","message":"Server running in http://localhost:4000","timestamp":"2024-10-20T05:42:29.427Z"}
{"level":"\u001b[32minfo\u001b[39m","message":"Server running in http://localhost:4000","timestamp":"2024-10-20T05:42:31.087Z"}
{"level":"\u001b[32minfo\u001b[39m","message":"Server running in http://localhost:4000","timestamp":"2024-10-20T05:42:37.000Z"}
{"level":"\u001b[32minfo\u001b[39m","message":"Server running in http://localhost:4000","timestamp":"2024-10-20T05:42:39.065Z"}
{"level":"\u001b[32minfo\u001b[39m","message":"Server running in http://localhost:4000","timestamp":"2024-10-20T05:42:44.675Z"}
{"level":"\u001b[32minfo\u001b[39m","message":"Server running in http://localhost:4000","timestamp":"2024-10-20T05:42:51.389Z"}
{"level":"\u001b[32minfo\u001b[39m","message":"Server running in http://localhost:4000","timestamp":"2024-10-20T05:42:53.885Z"}
{"level":"\u001b[32minfo\u001b[39m","message":"Server running in http://localhost:4000","timestamp":"2024-10-20T05:42:54.961Z"}
{"level":"\u001b[32minfo\u001b[39m","message":"Server running in http://localhost:4000","timestamp":"2024-10-20T05:42:57.270Z"}
{"level":"\u001b[32minfo\u001b[39m","message":"Server running in http://localhost:4000","timestamp":"2024-10-20T05:43:50.587Z"}
{"level":"\u001b[32minfo\u001b[39m","message":"Server running in http://localhost:4000","timestamp":"2024-10-20T05:43:51.747Z"}
{"level":"\u001b[32minfo\u001b[39m","message":"Server running in http://localhost:4000","timestamp":"2024-10-20T05:43:55.041Z"}
{"level":"\u001b[32minfo\u001b[39m","message":"Server running in http://localhost:4000","timestamp":"2024-10-20T05:43:57.087Z"}
{"level":"\u001b[32minfo\u001b[39m","message":"Server running in http://localhost:4000","timestamp":"2024-10-20T05:44:00.778Z"}
{"level":"\u001b[32minfo\u001b[39m","message":"Server running in http://localhost:4000","timestamp":"2024-10-20T05:44:02.344Z"}
{"level":"\u001b[32minfo\u001b[39m","message":"Server running in http://localhost:4000","timestamp":"2024-10-20T05:44:04.556Z"}
{"level":"\u001b[32minfo\u001b[39m","message":"Server running in http://localhost:4000","timestamp":"2024-10-20T05:44:07.475Z"}
{"level":"\u001b[32minfo\u001b[39m","message":"Server running in http://localhost:4000","timestamp":"2024-10-20T05:44:28.387Z"}
{"level":"\u001b[32minfo\u001b[39m","message":"Server running in http://localhost:4000","timestamp":"2024-10-20T05:44:33.264Z"}
{"level":"\u001b[32minfo\u001b[39m","message":"Server running in http://localhost:4000","timestamp":"2024-10-20T05:44:36.569Z"}
{"level":"\u001b[32minfo\u001b[39m","message":"Server running in http://localhost:4000","timestamp":"2024-10-20T05:44:39.336Z"}
{"level":"\u001b[32minfo\u001b[39m","message":"Server running in http://localhost:4000","timestamp":"2024-10-20T05:44:42.750Z"}
{"level":"\u001b[32minfo\u001b[39m","message":"Server running in http://localhost:4000","timestamp":"2024-10-20T05:45:21.485Z"}
{"level":"\u001b[32minfo\u001b[39m","message":"Server running in http://localhost:4000","timestamp":"2024-10-20T05:45:34.334Z"}
{"level":"\u001b[32minfo\u001b[39m","message":"Server running in http://localhost:4000","timestamp":"2024-10-20T05:45:35.959Z"}
{"level":"\u001b[32minfo\u001b[39m","message":"Server running in http://localhost:4000","timestamp":"2024-10-20T05:45:36.930Z"}
{"level":"\u001b[32minfo\u001b[39m","message":"Server running in http://localhost:4000","timestamp":"2024-10-20T05:45:42.792Z"}
{"level":"\u001b[32minfo\u001b[39m","message":"Server running in http://localhost:4000","timestamp":"2024-10-20T05:45:45.173Z"}
{"level":"\u001b[32minfo\u001b[39m","message":"Server running in http://localhost:4000","timestamp":"2024-10-20T05:45:53.482Z"}
{"level":"\u001b[32minfo\u001b[39m","message":"Server running in http://localhost:4000","timestamp":"2024-10-20T05:45:55.591Z"}
{"level":"\u001b[32minfo\u001b[39m","message":"Server running in http://localhost:4000","timestamp":"2024-10-20T05:46:00.989Z"}
{"level":"\u001b[32minfo\u001b[39m","message":"Server running in http://localhost:4000","timestamp":"2024-10-20T05:46:02.857Z"}
{"level":"\u001b[32minfo\u001b[39m","message":"Server running in http://localhost:4000","timestamp":"2024-10-20T05:46:05.540Z"}
{"level":"\u001b[32minfo\u001b[39m","message":"Server running in http://localhost:4000","timestamp":"2024-10-20T05:46:10.950Z"}
{"level":"\u001b[32minfo\u001b[39m","message":"Server running in http://localhost:4000","timestamp":"2024-10-20T05:46:12.930Z"}
{"level":"\u001b[32minfo\u001b[39m","message":"Server running in http://localhost:4000","timestamp":"2024-10-20T05:46:14.610Z"}
{"level":"\u001b[32minfo\u001b[39m","message":"Server running in http://localhost:4000","timestamp":"2024-10-20T05:46:16.987Z"}
{"level":"\u001b[32minfo\u001b[39m","message":"Server running in http://localhost:4000","timestamp":"2024-10-20T05:46:25.681Z"}
{"level":"\u001b[32minfo\u001b[39m","message":"Server running in http://localhost:4000","timestamp":"2024-10-20T05:46:28.209Z"}
{"level":"\u001b[32minfo\u001b[39m","message":"Server running in http://localhost:4000","timestamp":"2024-10-20T05:46:35.148Z"}
{"level":"\u001b[32minfo\u001b[39m","message":"Server running in http://localhost:4000","timestamp":"2024-10-20T05:46:36.346Z"}
{"level":"\u001b[32minfo\u001b[39m","message":"Server running in http://localhost:4000","timestamp":"2024-10-20T05:46:39.167Z"}
{"level":"\u001b[32minfo\u001b[39m","message":"Server running in http://localhost:4000","timestamp":"2024-10-20T05:46:40.354Z"}
{"level":"\u001b[32minfo\u001b[39m","message":"Server running in http://localhost:4000","timestamp":"2024-10-20T05:46:50.505Z"}
{"level":"\u001b[32minfo\u001b[39m","message":"Server running in http://localhost:4000","timestamp":"2024-10-20T05:47:02.177Z"}
{"level":"\u001b[32minfo\u001b[39m","message":"Server running in http://localhost:4000","timestamp":"2024-10-20T05:47:03.729Z"}
{"level":"\u001b[32minfo\u001b[39m","message":"Server running in http://localhost:4000","timestamp":"2024-10-20T05:47:08.226Z"}
{"level":"\u001b[32minfo\u001b[39m","message":"Server running in http://localhost:4000","timestamp":"2024-10-20T05:47:13.794Z"}
{"level":"\u001b[32minfo\u001b[39m","message":"Server running in http://localhost:4000","timestamp":"2024-10-20T05:47:14.936Z"}
{"level":"\u001b[32minfo\u001b[39m","message":"Server running in http://localhost:4000","timestamp":"2024-10-20T05:47:17.669Z"}
{"level":"\u001b[32minfo\u001b[39m","message":"Server running in http://localhost:4000","timestamp":"2024-10-20T05:47:24.451Z"}
{"level":"\u001b[32minfo\u001b[39m","message":"Server running in http://localhost:4000","timestamp":"2024-10-20T05:47:27.503Z"}
{"level":"\u001b[32minfo\u001b[39m","message":"Server running in http://localhost:4000","timestamp":"2024-10-20T05:47:32.180Z"}
{"level":"\u001b[32minfo\u001b[39m","message":"Server running in http://localhost:4000","timestamp":"2024-10-20T05:47:34.135Z"}
{"level":"\u001b[32minfo\u001b[39m","message":"Server running in http://localhost:4000","timestamp":"2024-10-20T05:47:38.891Z"}
{"level":"\u001b[32minfo\u001b[39m","message":"Server running in http://localhost:4000","timestamp":"2024-10-20T05:47:42.931Z"}
{"level":"\u001b[32minfo\u001b[39m","message":"Server running in http://localhost:4000","timestamp":"2024-10-20T05:47:48.849Z"}
{"level":"\u001b[32minfo\u001b[39m","message":"Server running in http://localhost:4000","timestamp":"2024-10-20T05:47:51.631Z"}
{"level":"\u001b[32minfo\u001b[39m","message":"Server running in http://localhost:4000","timestamp":"2024-10-20T05:47:59.123Z"}
{"level":"\u001b[32minfo\u001b[39m","message":"Server running in http://localhost:4000","timestamp":"2024-10-20T05:48:01.471Z"}
{"level":"\u001b[32minfo\u001b[39m","message":"Server running in http://localhost:4000","timestamp":"2024-10-20T05:48:03.876Z"}
{"level":"\u001b[32minfo\u001b[39m","message":"Server running in http://localhost:4000","timestamp":"2024-10-20T05:48:10.079Z"}
{"level":"\u001b[32minfo\u001b[39m","message":"Server running in http://localhost:4000","timestamp":"2024-10-20T05:48:12.494Z"}
{"level":"\u001b[32minfo\u001b[39m","message":"Server running in http://localhost:4000","timestamp":"2024-10-20T05:48:22.445Z"}
{"level":"\u001b[32minfo\u001b[39m","message":"Server running in http://localhost:4000","timestamp":"2024-10-20T05:48:32.972Z"}
{"level":"\u001b[32minfo\u001b[39m","message":"Server running in http://localhost:4000","timestamp":"2024-10-20T05:48:36.370Z"}
{"level":"\u001b[32minfo\u001b[39m","message":"Server running in http://localhost:4000","timestamp":"2024-10-20T05:48:38.566Z"}
{"level":"\u001b[32minfo\u001b[39m","message":"Server running in http://localhost:4000","timestamp":"2024-10-20T05:48:39.992Z"}
{"level":"\u001b[32minfo\u001b[39m","message":"Server running in http://localhost:4000","timestamp":"2024-10-20T05:48:42.017Z"}
{"level":"\u001b[32minfo\u001b[39m","message":"Server running in http://localhost:4000","timestamp":"2024-10-20T05:48:45.670Z"}
{"level":"\u001b[32minfo\u001b[39m","message":"Server running in http://localhost:4000","timestamp":"2024-10-20T05:48:47.442Z"}
{"level":"\u001b[32minfo\u001b[39m","message":"Server running in http://localhost:4000","timestamp":"2024-10-20T05:48:49.083Z"}
{"level":"\u001b[32minfo\u001b[39m","message":"Server running in http://localhost:4000","timestamp":"2024-10-20T05:48:51.869Z"}
{"level":"\u001b[32minfo\u001b[39m","message":"Server running in http://localhost:4000","timestamp":"2024-10-20T05:49:02.447Z"}
{"level":"\u001b[32minfo\u001b[39m","message":"Server running in http://localhost:4000","timestamp":"2024-10-20T05:49:10.735Z"}
{"level":"\u001b[32minfo\u001b[39m","message":"Server running in http://localhost:4000","timestamp":"2024-10-20T05:49:12.892Z"}
{"level":"\u001b[32minfo\u001b[39m","message":"Server running in http://localhost:4000","timestamp":"2024-10-20T05:49:39.333Z"}
{"level":"\u001b[32minfo\u001b[39m","message":"Server running in http://localhost:4000","timestamp":"2024-10-20T05:49:40.905Z"}
{"level":"\u001b[32minfo\u001b[39m","message":"Server running in http://localhost:4000","timestamp":"2024-10-20T05:49:43.412Z"}
{"level":"\u001b[32minfo\u001b[39m","message":"Server running in http://localhost:4000","timestamp":"2024-10-20T05:49:44.984Z"}
{"level":"\u001b[32minfo\u001b[39m","message":"Server running in http://localhost:4000","timestamp":"2024-10-20T05:49:46.623Z"}
{"level":"\u001b[32minfo\u001b[39m","message":"Server running in http://localhost:4000","timestamp":"2024-10-20T05:49:49.473Z"}
{"level":"\u001b[32minfo\u001b[39m","message":"Server running in http://localhost:4000","timestamp":"2024-10-20T05:49:58.380Z"}
{"level":"\u001b[32minfo\u001b[39m","message":"Server running in http://localhost:4000","timestamp":"2024-10-20T05:50:00.105Z"}
{"level":"\u001b[32minfo\u001b[39m","message":"Server running in http://localhost:4000","timestamp":"2024-10-20T05:50:01.776Z"}
{"level":"\u001b[32minfo\u001b[39m","message":"Server running in http://localhost:4000","timestamp":"2024-10-20T05:50:05.595Z"}
{"level":"\u001b[32minfo\u001b[39m","message":"Server running in http://localhost:4000","timestamp":"2024-10-20T05:50:09.606Z"}
{"level":"\u001b[32minfo\u001b[39m","message":"Server running in http://localhost:4000","timestamp":"2024-10-20T05:50:14.415Z"}
{"level":"\u001b[32minfo\u001b[39m","message":"Server running in http://localhost:4000","timestamp":"2024-10-20T05:50:15.782Z"}
{"level":"\u001b[32minfo\u001b[39m","message":"Server running in http://localhost:4000","timestamp":"2024-10-20T05:50:43.318Z"}
{"level":"\u001b[32minfo\u001b[39m","message":"Server running in http://localhost:4000","timestamp":"2024-10-20T05:50:44.759Z"}
{"level":"\u001b[32minfo\u001b[39m","message":"Server running in http://localhost:4000","timestamp":"2024-10-20T05:50:55.186Z"}
{"level":"\u001b[32minfo\u001b[39m","message":"Server running in http://localhost:4000","timestamp":"2024-10-20T05:50:56.350Z"}
{"level":"\u001b[32minfo\u001b[39m","message":"Server running in http://localhost:4000","timestamp":"2024-10-20T05:51:00.946Z"}
{"level":"\u001b[32minfo\u001b[39m","message":"Server running in http://localhost:4000","timestamp":"2024-10-20T05:51:19.443Z"}
{"level":"\u001b[32minfo\u001b[39m","message":"Server running in http://localhost:4000","timestamp":"2024-10-20T05:51:33.682Z"}
{"level":"\u001b[32minfo\u001b[39m","message":"Server running in http://localhost:4000","timestamp":"2024-10-20T05:51:35.218Z"}
{"level":"\u001b[32minfo\u001b[39m","message":"Server running in http://localhost:4000","timestamp":"2024-10-20T05:51:44.668Z"}
{"level":"\u001b[32minfo\u001b[39m","message":"Server running in http://localhost:4000","timestamp":"2024-10-20T05:52:00.614Z"}
{"level":"\u001b[32minfo\u001b[39m","message":"Server running in http://localhost:4000","timestamp":"2024-10-20T05:52:01.700Z"}
{"level":"\u001b[32minfo\u001b[39m","message":"Server running in http://localhost:4000","timestamp":"2024-10-20T05:52:04.206Z"}
{"level":"\u001b[32minfo\u001b[39m","message":"Server running in http://localhost:4000","timestamp":"2024-10-20T05:52:09.354Z"}
{"level":"\u001b[32minfo\u001b[39m","message":"Server running in http://localhost:4000","timestamp":"2024-10-20T05:52:11.920Z"}
{"level":"\u001b[32minfo\u001b[39m","message":"Server running in http://localhost:4000","timestamp":"2024-10-20T05:52:31.234Z"}
{"level":"\u001b[32minfo\u001b[39m","message":"Server running in http://localhost:4000","timestamp":"2024-10-20T05:52:35.200Z"}
{"level":"\u001b[32minfo\u001b[39m","message":"Server running in http://localhost:4000","timestamp":"2024-10-20T05:52:38.176Z"}
{"level":"\u001b[32minfo\u001b[39m","message":"Server running in http://localhost:4000","timestamp":"2024-10-20T05:52:45.271Z"}
{"level":"\u001b[32minfo\u001b[39m","message":"Server running in http://localhost:4000","timestamp":"2024-10-20T05:52:47.271Z"}
{"level":"\u001b[32minfo\u001b[39m","message":"Server running in http://localhost:4000","timestamp":"2024-10-20T05:52:48.804Z"}
{"level":"\u001b[32minfo\u001b[39m","message":"Server running in http://localhost:4000","timestamp":"2024-10-20T05:52:50.566Z"}
{"level":"\u001b[32minfo\u001b[39m","message":"Server running in http://localhost:4000","timestamp":"2024-10-20T05:52:53.474Z"}
{"level":"\u001b[32minfo\u001b[39m","message":"Server running in http://localhost:4000","timestamp":"2024-10-20T05:52:55.068Z"}
{"level":"\u001b[32minfo\u001b[39m","message":"Server running in http://localhost:4000","timestamp":"2024-10-20T05:52:57.891Z"}
{"level":"\u001b[32minfo\u001b[39m","message":"Server running in http://localhost:4000","timestamp":"2024-10-20T05:53:05.170Z"}
{"level":"\u001b[32minfo\u001b[39m","message":"Server running in http://localhost:4000","timestamp":"2024-10-20T05:53:08.225Z"}
{"level":"\u001b[32minfo\u001b[39m","message":"Server running in http://localhost:4000","timestamp":"2024-10-20T05:53:10.931Z"}
{"level":"\u001b[32minfo\u001b[39m","message":"Server running in http://localhost:4000","timestamp":"2024-10-20T05:53:13.192Z"}
{"level":"\u001b[32minfo\u001b[39m","message":"Server running in http://localhost:4000","timestamp":"2024-10-20T05:53:15.336Z"}
{"level":"\u001b[32minfo\u001b[39m","message":"Server running in http://localhost:4000","timestamp":"2024-10-20T05:53:18.911Z"}
{"level":"\u001b[32minfo\u001b[39m","message":"Server running in http://localhost:4000","timestamp":"2024-10-20T05:53:24.775Z"}
{"level":"\u001b[32minfo\u001b[39m","message":"Server running in http://localhost:4000","timestamp":"2024-10-20T05:53:46.607Z"}
{"level":"\u001b[32minfo\u001b[39m","message":"Server running in http://localhost:4000","timestamp":"2024-10-20T05:54:01.487Z"}
{"level":"\u001b[32minfo\u001b[39m","message":"Server running in http://localhost:4000","timestamp":"2024-10-20T05:54:08.935Z"}
{"level":"\u001b[32minfo\u001b[39m","message":"Server running in http://localhost:4000","timestamp":"2024-10-20T05:54:13.412Z"}
{"level":"\u001b[32minfo\u001b[39m","message":"Server running in http://localhost:4000","timestamp":"2024-10-20T05:54:14.509Z"}
{"level":"\u001b[32minfo\u001b[39m","message":"Server running in http://localhost:4000","timestamp":"2024-10-20T05:54:16.027Z"}
{"level":"\u001b[32minfo\u001b[39m","message":"Server running in http://localhost:4000","timestamp":"2024-10-20T05:54:20.390Z"}
{"level":"\u001b[32minfo\u001b[39m","message":"Server running in http://localhost:4000","timestamp":"2024-10-20T05:54:22.301Z"}
{"level":"\u001b[32minfo\u001b[39m","message":"Server running in http://localhost:4000","timestamp":"2024-10-20T05:54:26.855Z"}
{"level":"\u001b[32minfo\u001b[39m","message":"Server running in http://localhost:4000","timestamp":"2024-10-20T05:54:33.978Z"}
{"level":"\u001b[32minfo\u001b[39m","message":"Server running in http://localhost:4000","timestamp":"2024-10-20T05:54:35.361Z"}
{"level":"\u001b[32minfo\u001b[39m","message":"Server running in http://localhost:4000","timestamp":"2024-10-20T05:54:51.080Z"}
{"level":"\u001b[32minfo\u001b[39m","message":"Server running in http://localhost:4000","timestamp":"2024-10-20T05:54:57.161Z"}
{"level":"\u001b[32minfo\u001b[39m","message":"Server running in http://localhost:4000","timestamp":"2024-10-20T05:54:58.961Z"}
{"level":"\u001b[32minfo\u001b[39m","message":"Server running in http://localhost:4000","timestamp":"2024-10-20T05:55:02.054Z"}
{"level":"\u001b[32minfo\u001b[39m","message":"Server running in http://localhost:4000","timestamp":"2024-10-20T05:55:07.049Z"}
{"level":"\u001b[32minfo\u001b[39m","message":"Server running in http://localhost:4000","timestamp":"2024-10-20T05:55:10.918Z"}
{"level":"\u001b[32minfo\u001b[39m","message":"Server running in http://localhost:4000","timestamp":"2024-10-20T05:55:13.233Z"}
{"level":"\u001b[32minfo\u001b[39m","message":"Server running in http://localhost:4000","timestamp":"2024-10-20T05:55:14.776Z"}
{"level":"\u001b[32minfo\u001b[39m","message":"Server running in http://localhost:4000","timestamp":"2024-10-20T05:55:16.572Z"}
{"level":"\u001b[32minfo\u001b[39m","message":"Server running in http://localhost:4000","timestamp":"2024-10-20T05:55:21.205Z"}
{"level":"\u001b[32minfo\u001b[39m","message":"Server running in http://localhost:4000","timestamp":"2024-10-20T05:55:24.092Z"}
{"level":"\u001b[32minfo\u001b[39m","message":"Server running in http://localhost:4000","timestamp":"2024-10-20T05:55:28.435Z"}
{"level":"\u001b[32minfo\u001b[39m","message":"Server running in http://localhost:4000","timestamp":"2024-10-20T05:55:29.888Z"}
{"level":"\u001b[32minfo\u001b[39m","message":"Server running in http://localhost:4000","timestamp":"2024-10-20T05:55:31.204Z"}
{"level":"\u001b[32minfo\u001b[39m","message":"Server running in http://localhost:4000","timestamp":"2024-10-20T05:55:41.409Z"}
{"level":"\u001b[32minfo\u001b[39m","message":"Server running in http://localhost:4000","timestamp":"2024-10-20T05:55:46.137Z"}
{"level":"\u001b[32minfo\u001b[39m","message":"Server running in http://localhost:4000","timestamp":"2024-10-20T05:55:51.093Z"}
{"level":"\u001b[32minfo\u001b[39m","message":"Server running in http://localhost:4000","timestamp":"2024-10-20T05:56:08.436Z"}
{"level":"\u001b[32minfo\u001b[39m","message":"Server running in http://localhost:4000","timestamp":"2024-10-20T05:56:10.416Z"}
{"level":"\u001b[32minfo\u001b[39m","message":"Server running in http://localhost:4000","timestamp":"2024-10-20T05:56:11.399Z"}
{"level":"\u001b[32minfo\u001b[39m","message":"Server running in http://localhost:4000","timestamp":"2024-10-20T05:56:13.127Z"}
{"level":"\u001b[32minfo\u001b[39m","message":"Server running in http://localhost:4000","timestamp":"2024-10-20T05:56:14.982Z"}
{"level":"\u001b[32minfo\u001b[39m","message":"Server running in http://localhost:4000","timestamp":"2024-10-20T05:56:17.284Z"}
{"level":"\u001b[32minfo\u001b[39m","message":"Server running in http://localhost:4000","timestamp":"2024-10-20T05:56:37.372Z"}
{"level":"\u001b[32minfo\u001b[39m","message":"Server running in http://localhost:4000","timestamp":"2024-10-20T05:56:44.873Z"}
{"level":"\u001b[32minfo\u001b[39m","message":"Server running in http://localhost:4000","timestamp":"2024-10-20T05:56:51.076Z"}
{"level":"\u001b[32minfo\u001b[39m","message":"Server running in http://localhost:4000","timestamp":"2024-10-20T05:56:55.966Z"}
{"level":"\u001b[32minfo\u001b[39m","message":"Server running in http://localhost:4000","timestamp":"2024-10-20T05:56:58.371Z"}
{"level":"\u001b[32minfo\u001b[39m","message":"Server running in http://localhost:4000","timestamp":"2024-10-20T05:57:00.379Z"}
{"level":"\u001b[32minfo\u001b[39m","message":"Server running in http://localhost:4000","timestamp":"2024-10-20T05:57:03.188Z"}
{"level":"\u001b[32minfo\u001b[39m","message":"Server running in http://localhost:4000","timestamp":"2024-10-20T05:57:07.806Z"}
{"level":"\u001b[32minfo\u001b[39m","message":"Server running in http://localhost:4000","timestamp":"2024-10-20T05:57:14.316Z"}
{"level":"\u001b[32minfo\u001b[39m","message":"Server running in http://localhost:4000","timestamp":"2024-10-20T05:57:16.348Z"}
{"level":"\u001b[32minfo\u001b[39m","message":"Server running in http://localhost:4000","timestamp":"2024-10-20T05:57:19.777Z"}
{"level":"\u001b[32minfo\u001b[39m","message":"Server running in http://localhost:4000","timestamp":"2024-10-20T05:57:21.503Z"}
{"level":"\u001b[32minfo\u001b[39m","message":"Server running in http://localhost:4000","timestamp":"2024-10-20T05:57:25.664Z"}
{"level":"\u001b[32minfo\u001b[39m","message":"Server running in http://localhost:4000","timestamp":"2024-10-20T05:57:29.964Z"}
{"level":"\u001b[32minfo\u001b[39m","message":"Server running in http://localhost:4000","timestamp":"2024-10-20T05:57:38.266Z"}
{"level":"\u001b[32minfo\u001b[39m","message":"Server running in http://localhost:4000","timestamp":"2024-10-20T05:57:42.162Z"}
{"level":"\u001b[32minfo\u001b[39m","message":"Server running in http://localhost:4000","timestamp":"2024-10-20T05:58:17.178Z"}
{"level":"\u001b[32minfo\u001b[39m","message":"Server running in http://localhost:4000","timestamp":"2024-10-20T05:58:20.915Z"}
{"level":"\u001b[32minfo\u001b[39m","message":"Server running in http://localhost:4000","timestamp":"2024-10-20T05:58:23.229Z"}
{"level":"\u001b[32minfo\u001b[39m","message":"Server running in http://localhost:4000","timestamp":"2024-10-20T05:58:26.632Z"}
{"level":"\u001b[32minfo\u001b[39m","message":"Server running in http://localhost:4000","timestamp":"2024-10-20T05:58:34.605Z"}
{"level":"\u001b[32minfo\u001b[39m","message":"Server running in http://localhost:4000","timestamp":"2024-10-20T05:58:36.075Z"}
{"level":"\u001b[32minfo\u001b[39m","message":"Server running in http://localhost:4000","timestamp":"2024-10-20T05:58:43.002Z"}
{"level":"\u001b[32minfo\u001b[39m","message":"Server running in http://localhost:4000","timestamp":"2024-10-20T05:58:48.616Z"}
{"level":"\u001b[32minfo\u001b[39m","message":"Server running in http://localhost:4000","timestamp":"2024-10-20T05:58:50.598Z"}
{"level":"\u001b[32minfo\u001b[39m","message":"Server running in http://localhost:4000","timestamp":"2024-10-20T05:58:54.368Z"}
{"level":"\u001b[32minfo\u001b[39m","message":"Server running in http://localhost:4000","timestamp":"2024-10-20T05:58:56.211Z"}
{"level":"\u001b[32minfo\u001b[39m","message":"Server running in http://localhost:4000","timestamp":"2024-10-20T05:58:58.256Z"}
{"level":"\u001b[32minfo\u001b[39m","message":"Server running in http://localhost:4000","timestamp":"2024-10-20T05:59:12.139Z"}
{"level":"\u001b[32minfo\u001b[39m","message":"Server running in http://localhost:4000","timestamp":"2024-10-20T05:59:15.765Z"}
{"level":"\u001b[32minfo\u001b[39m","message":"Server running in http://localhost:4000","timestamp":"2024-10-20T05:59:18.704Z"}
{"level":"\u001b[32minfo\u001b[39m","message":"Server running in http://localhost:4000","timestamp":"2024-10-20T05:59:20.262Z"}
{"level":"\u001b[32minfo\u001b[39m","message":"Server running in http://localhost:4000","timestamp":"2024-10-20T05:59:23.938Z"}
{"level":"\u001b[32minfo\u001b[39m","message":"Server running in http://localhost:4000","timestamp":"2024-10-20T05:59:27.427Z"}
{"level":"\u001b[32minfo\u001b[39m","message":"Server running in http://localhost:4000","timestamp":"2024-10-20T05:59:36.156Z"}
{"level":"\u001b[32minfo\u001b[39m","message":"Server running in http://localhost:4000","timestamp":"2024-10-20T05:59:39.940Z"}
{"level":"\u001b[32minfo\u001b[39m","message":"Server running in http://localhost:4000","timestamp":"2024-10-20T06:00:00.883Z"}
{"level":"\u001b[32minfo\u001b[39m","message":"Server running in http://localhost:4000","timestamp":"2024-10-20T06:00:02.523Z"}
{"level":"\u001b[32minfo\u001b[39m","message":"Server running in http://localhost:4000","timestamp":"2024-10-20T06:00:06.953Z"}
{"level":"\u001b[32minfo\u001b[39m","message":"Server running in http://localhost:4000","timestamp":"2024-10-20T06:00:08.162Z"}
{"level":"\u001b[32minfo\u001b[39m","message":"Server running in http://localhost:4000","timestamp":"2024-10-20T06:00:09.762Z"}
{"level":"\u001b[32minfo\u001b[39m","message":"Server running in http://localhost:4000","timestamp":"2024-10-20T06:00:16.997Z"}
{"level":"\u001b[32minfo\u001b[39m","message":"Server running in http://localhost:4000","timestamp":"2024-10-20T06:00:20.050Z"}
{"level":"\u001b[32minfo\u001b[39m","message":"Server running in http://localhost:4000","timestamp":"2024-10-20T06:00:24.038Z"}
{"level":"\u001b[32minfo\u001b[39m","message":"Server running in http://localhost:4000","timestamp":"2024-10-20T06:00:27.586Z"}
{"level":"\u001b[32minfo\u001b[39m","message":"Server running in http://localhost:4000","timestamp":"2024-10-20T06:00:33.321Z"}
{"level":"\u001b[32minfo\u001b[39m","message":"Server running in http://localhost:4000","timestamp":"2024-10-20T06:00:42.367Z"}
{"level":"\u001b[32minfo\u001b[39m","message":"Server running in http://localhost:4000","timestamp":"2024-10-20T06:02:06.435Z"}
{"level":"\u001b[32minfo\u001b[39m","message":"Server running in http://localhost:4000","timestamp":"2024-10-20T06:02:31.795Z"}
{"level":"\u001b[32minfo\u001b[39m","message":"Server running in http://localhost:4000","timestamp":"2024-10-20T06:02:36.398Z"}
{"level":"\u001b[32minfo\u001b[39m","message":"Server running in http://localhost:4000","timestamp":"2024-10-20T06:02:38.467Z"}
{"level":"\u001b[32minfo\u001b[39m","message":"Server running in http://localhost:4000","timestamp":"2024-10-20T06:02:40.968Z"}
{"level":"\u001b[32minfo\u001b[39m","message":"Server running in http://localhost:4000","timestamp":"2024-10-20T06:02:44.647Z"}
{"level":"\u001b[32minfo\u001b[39m","message":"Server running in http://localhost:4000","timestamp":"2024-10-20T06:02:49.807Z"}
{"level":"\u001b[32minfo\u001b[39m","message":"Server running in http://localhost:4000","timestamp":"2024-10-20T06:02:56.893Z"}
{"level":"\u001b[32minfo\u001b[39m","message":"Server running in http://localhost:4000","timestamp":"2024-10-20T06:03:01.403Z"}
{"level":"\u001b[32minfo\u001b[39m","message":"Server running in http://localhost:4000","timestamp":"2024-10-20T06:03:05.281Z"}
{"level":"\u001b[32minfo\u001b[39m","message":"Server running in http://localhost:4000","timestamp":"2024-10-20T06:03:08.600Z"}
{"level":"\u001b[32minfo\u001b[39m","message":"Server running in http://localhost:4000","timestamp":"2024-10-20T06:03:09.965Z"}
{"level":"\u001b[32minfo\u001b[39m","message":"Server running in http://localhost:4000","timestamp":"2024-10-20T06:03:17.180Z"}
{"level":"\u001b[32minfo\u001b[39m","message":"Server running in http://localhost:4000","timestamp":"2024-10-20T06:03:18.537Z"}
{"level":"\u001b[32minfo\u001b[39m","message":"Server running in http://localhost:4000","timestamp":"2024-10-20T06:03:21.081Z"}
{"level":"\u001b[32minfo\u001b[39m","message":"Server running in http://localhost:4000","timestamp":"2024-10-20T06:03:24.252Z"}
{"level":"\u001b[32minfo\u001b[39m","message":"Server running in http://localhost:4000","timestamp":"2024-10-20T06:03:27.079Z"}
{"level":"\u001b[32minfo\u001b[39m","message":"Server running in http://localhost:4000","timestamp":"2024-10-20T06:03:28.838Z"}
{"level":"\u001b[32minfo\u001b[39m","message":"Server running in http://localhost:4000","timestamp":"2024-10-20T06:03:31.798Z"}
{"level":"\u001b[32minfo\u001b[39m","message":"Server running in http://localhost:4000","timestamp":"2024-10-20T06:03:46.311Z"}
{"level":"\u001b[32minfo\u001b[39m","message":"Server running in http://localhost:4000","timestamp":"2024-10-20T06:03:48.954Z"}
{"level":"\u001b[32minfo\u001b[39m","message":"Server running in http://localhost:4000","timestamp":"2024-10-20T06:03:54.521Z"}
{"level":"\u001b[32minfo\u001b[39m","message":"Server running in http://localhost:4000","timestamp":"2024-10-20T06:03:57.963Z"}
{"level":"\u001b[32minfo\u001b[39m","message":"Server running in http://localhost:4000","timestamp":"2024-10-20T06:04:00.332Z"}
{"level":"\u001b[32minfo\u001b[39m","message":"Server running in http://localhost:4000","timestamp":"2024-10-20T06:04:14.124Z"}
{"level":"\u001b[32minfo\u001b[39m","message":"Server running in http://localhost:4000","timestamp":"2024-10-20T06:04:20.243Z"}
{"level":"\u001b[32minfo\u001b[39m","message":"Server running in http://localhost:4000","timestamp":"2024-10-20T06:04:23.177Z"}
{"level":"\u001b[32minfo\u001b[39m","message":"Server running in http://localhost:4000","timestamp":"2024-10-20T06:04:25.601Z"}
{"level":"\u001b[32minfo\u001b[39m","message":"Server running in http://localhost:4000","timestamp":"2024-10-20T06:04:32.313Z"}
{"level":"\u001b[32minfo\u001b[39m","message":"Server running in http://localhost:4000","timestamp":"2024-10-20T06:04:34.429Z"}
{"level":"\u001b[32minfo\u001b[39m","message":"Server running in http://localhost:4000","timestamp":"2024-10-20T06:04:37.097Z"}
{"level":"\u001b[32minfo\u001b[39m","message":"Server running in http://localhost:4000","timestamp":"2024-10-20T06:04:39.743Z"}
{"level":"\u001b[32minfo\u001b[39m","message":"Server running in http://localhost:4000","timestamp":"2024-10-20T06:05:31.016Z"}
{"level":"\u001b[32minfo\u001b[39m","message":"Server running in http://localhost:4000","timestamp":"2024-10-20T06:05:32.652Z"}
{"level":"\u001b[32minfo\u001b[39m","message":"Server running in http://localhost:4000","timestamp":"2024-10-20T06:05:38.005Z"}
{"level":"\u001b[32minfo\u001b[39m","message":"Server running in http://localhost:4000","timestamp":"2024-10-20T06:05:40.024Z"}
{"level":"\u001b[32minfo\u001b[39m","message":"Server running in http://localhost:4000","timestamp":"2024-10-20T06:05:41.853Z"}
{"level":"\u001b[32minfo\u001b[39m","message":"Server running in http://localhost:4000","timestamp":"2024-10-20T06:05:45.807Z"}
{"level":"\u001b[32minfo\u001b[39m","message":"Server running in http://localhost:4000","timestamp":"2024-10-20T06:20:38.634Z"}
{"level":"\u001b[32minfo\u001b[39m","message":"Server running in http://localhost:4000","timestamp":"2024-10-20T06:20:41.209Z"}
{"level":"\u001b[32minfo\u001b[39m","message":"Server running in http://localhost:4000","timestamp":"2024-10-20T06:21:52.131Z"}
{"level":"\u001b[32minfo\u001b[39m","message":"Server running in http://localhost:4000","timestamp":"2024-10-20T06:24:53.771Z"}
{"level":"\u001b[32minfo\u001b[39m","message":"Server running in http://localhost:4000","timestamp":"2024-10-20T06:25:26.652Z"}
{"level":"\u001b[32minfo\u001b[39m","message":"Server running in http://localhost:4000","timestamp":"2024-10-20T06:25:27.697Z"}
{"level":"\u001b[32minfo\u001b[39m","message":"Server running in http://localhost:4000","timestamp":"2024-10-20T06:26:25.291Z"}
{"level":"\u001b[32minfo\u001b[39m","message":"Server running in http://localhost:4000","timestamp":"2024-10-20T06:26:27.134Z"}
{"level":"\u001b[32minfo\u001b[39m","message":"Server running in http://localhost:4000","timestamp":"2024-10-20T06:26:28.720Z"}
{"level":"\u001b[32minfo\u001b[39m","message":"Server running in http://localhost:4000","timestamp":"2024-10-20T06:27:04.642Z"}
{"level":"\u001b[32minfo\u001b[39m","message":"Server running in http://localhost:4000","timestamp":"2024-10-20T06:27:05.754Z"}
{"level":"\u001b[32minfo\u001b[39m","message":"Server running in http://localhost:4000","timestamp":"2024-10-20T06:27:14.420Z"}
{"level":"\u001b[32minfo\u001b[39m","message":"Server running in http://localhost:4000","timestamp":"2024-10-20T06:27:17.025Z"}
{"level":"\u001b[32minfo\u001b[39m","message":"Server running in http://localhost:4000","timestamp":"2024-10-20T06:27:18.970Z"}
{"level":"\u001b[32minfo\u001b[39m","message":"Server running in http://localhost:4000","timestamp":"2024-10-20T06:27:19.204Z"}
{"level":"\u001b[32minfo\u001b[39m","message":"Server running in http://localhost:4000","timestamp":"2024-10-20T06:28:23.519Z"}
{"level":"\u001b[32minfo\u001b[39m","message":"Server running in http://localhost:4000","timestamp":"2024-10-20T06:28:43.771Z"}
{"level":"\u001b[32minfo\u001b[39m","message":"Server running in http://localhost:4000","timestamp":"2024-10-20T06:28:46.017Z"}
{"level":"\u001b[32minfo\u001b[39m","message":"Server running in http://localhost:4000","timestamp":"2024-10-20T06:28:47.049Z"}
{"level":"\u001b[32minfo\u001b[39m","message":"Server running in http://localhost:4000","timestamp":"2024-10-20T06:28:48.193Z"}
{"level":"\u001b[32minfo\u001b[39m","message":"{\"method\":\"GET\",\"url\":\"/api/v1/health-check\",\"status\":\"400\",\"responseTime\":\"6.725\"}","timestamp":"2024-10-20T06:28:50.430Z"}
{"level":"\u001b[32minfo\u001b[39m","message":"{\"method\":\"GET\",\"url\":\"/api/v1/health-check\",\"status\":\"400\",\"responseTime\":\"2.216\"}","timestamp":"2024-10-20T06:28:52.333Z"}
{"level":"\u001b[32minfo\u001b[39m","message":"Server running in http://localhost:4000","timestamp":"2024-10-20T06:31:28.174Z"}
{"level":"\u001b[32minfo\u001b[39m","message":"{\"method\":\"GET\",\"url\":\"/api/v1/health-check\",\"status\":\"400\",\"responseTime\":\"6.954\"}","timestamp":"2024-10-20T06:31:32.350Z"}
{"level":"\u001b[32minfo\u001b[39m","message":"Server running in http://localhost:4000","timestamp":"2024-10-20T06:32:45.084Z"}
{"level":"\u001b[32minfo\u001b[39m","message":"Server running in http://localhost:4000","timestamp":"2024-10-20T06:33:01.014Z"}
{"level":"\u001b[32minfo\u001b[39m","message":"Server running in http://localhost:4000","timestamp":"2024-10-20T06:33:02.193Z"}
{"level":"\u001b[32minfo\u001b[39m","message":"Server running in http://localhost:4000","timestamp":"2024-10-20T06:33:15.173Z"}
{"level":"\u001b[32minfo\u001b[39m","message":"Server running in http://localhost:4000","timestamp":"2024-10-20T06:33:36.403Z"}
{"level":"\u001b[32minfo\u001b[39m","message":"{\"method\":\"GET\",\"url\":\"/api/v1/health-check\",\"status\":\"500\",\"responseTime\":\"7.612\"}","timestamp":"2024-10-20T06:33:52.766Z"}
{"level":"\u001b[32minfo\u001b[39m","message":"Server running in http://localhost:4000","timestamp":"2024-10-20T06:34:29.678Z"}
{"level":"\u001b[32minfo\u001b[39m","message":"Server running in http://localhost:4000","timestamp":"2024-10-20T06:34:33.320Z"}
{"level":"\u001b[32minfo\u001b[39m","message":"Server running in http://localhost:4000","timestamp":"2024-10-20T06:34:41.118Z"}
{"level":"\u001b[32minfo\u001b[39m","message":"Server running in http://localhost:4000","timestamp":"2024-10-20T06:34:48.210Z"}
{"level":"\u001b[32minfo\u001b[39m","message":"Server running in http://localhost:4000","timestamp":"2024-10-20T06:34:48.483Z"}
{"level":"\u001b[32minfo\u001b[39m","message":"{\"method\":\"GET\",\"url\":\"/api/v1/health-check\",\"status\":\"400\",\"responseTime\":\"8.333\"}","timestamp":"2024-10-20T06:34:55.699Z"}
{"level":"\u001b[32minfo\u001b[39m","message":"Server running in http://localhost:4000","timestamp":"2024-10-20T06:39:29.789Z"}
{"level":"\u001b[32minfo\u001b[39m","message":"Server running in http://localhost:4000","timestamp":"2024-10-20T06:59:36.412Z"}
{"level":"\u001b[32minfo\u001b[39m","message":"Server running in http://localhost:4000","timestamp":"2024-10-20T06:59:38.714Z"}
{"level":"\u001b[32minfo\u001b[39m","message":"Server running in http://localhost:4000","timestamp":"2024-10-20T06:59:50.269Z"}
{"level":"\u001b[32minfo\u001b[39m","message":"{\"method\":\"GET\",\"url\":\"/api/v1/health-check\",\"status\":\"400\",\"responseTime\":\"7.553\"}","timestamp":"2024-10-20T06:59:52.702Z"}
{"level":"\u001b[32minfo\u001b[39m","message":"Server running in http://localhost:4000","timestamp":"2024-10-20T07:01:58.562Z"}
{"level":"\u001b[32minfo\u001b[39m","message":"Server running in http://localhost:4000","timestamp":"2024-10-20T07:01:59.760Z"}
{"level":"\u001b[32minfo\u001b[39m","message":"Server running in http://localhost:4000","timestamp":"2024-10-20T07:02:02.404Z"}
{"level":"\u001b[32minfo\u001b[39m","message":"Server running in http://localhost:4000","timestamp":"2024-10-20T07:02:04.529Z"}
{"level":"\u001b[32minfo\u001b[39m","message":"Server running in http://localhost:4000","timestamp":"2024-10-20T07:02:06.453Z"}
{"level":"\u001b[32minfo\u001b[39m","message":"Server running in http://localhost:4000","timestamp":"2024-10-20T07:02:10.732Z"}
{"level":"\u001b[32minfo\u001b[39m","message":"Server running in http://localhost:4000","timestamp":"2024-10-20T07:02:14.080Z"}
{"level":"\u001b[32minfo\u001b[39m","message":"Server running in http://localhost:4000","timestamp":"2024-10-20T07:02:16.010Z"}
{"level":"\u001b[32minfo\u001b[39m","message":"Server running in http://localhost:4000","timestamp":"2024-10-20T07:02:19.408Z"}
{"level":"\u001b[32minfo\u001b[39m","message":"Server running in http://localhost:4000","timestamp":"2024-10-20T07:02:25.961Z"}
{"level":"\u001b[32minfo\u001b[39m","message":"Server running in http://localhost:4000","timestamp":"2024-10-20T07:02:29.348Z"}
{"level":"\u001b[32minfo\u001b[39m","message":"Server running in http://localhost:4000","timestamp":"2024-10-20T07:02:33.082Z"}
{"level":"\u001b[32minfo\u001b[39m","message":"Server running in http://localhost:4000","timestamp":"2024-10-20T07:02:36.733Z"}
{"level":"\u001b[32minfo\u001b[39m","message":"Server running in http://localhost:4000","timestamp":"2024-10-20T07:02:37.841Z"}
{"level":"\u001b[32minfo\u001b[39m","message":"Server running in http://localhost:4000","timestamp":"2024-10-20T07:02:38.443Z"}
{"level":"\u001b[32minfo\u001b[39m","message":"Server running in http://localhost:4000","timestamp":"2024-10-20T07:02:42.567Z"}
{"level":"\u001b[32minfo\u001b[39m","message":"Server running in http://localhost:4000","timestamp":"2024-10-20T07:02:45.147Z"}
{"level":"\u001b[32minfo\u001b[39m","message":"{\"method\":\"GET\",\"url\":\"/api/v1/health-check\",\"status\":\"400\",\"responseTime\":\"7.844\"}","timestamp":"2024-10-20T07:02:52.902Z"}
{"level":"\u001b[32minfo\u001b[39m","message":"Server running in http://localhost:4000","timestamp":"2024-10-20T07:09:05.455Z"}
{"level":"\u001b[32minfo\u001b[39m","message":"Server running in http://localhost:4000","timestamp":"2024-10-20T07:09:12.305Z"}
{"level":"\u001b[32minfo\u001b[39m","message":"Server running in http://localhost:4000","timestamp":"2024-10-20T07:09:13.548Z"}
{"level":"\u001b[32minfo\u001b[39m","message":"Server running in http://localhost:4000","timestamp":"2024-10-20T07:09:22.407Z"}
{"level":"\u001b[32minfo\u001b[39m","message":"Server running in http://localhost:4000","timestamp":"2024-10-20T07:09:31.733Z"}
{"level":"\u001b[32minfo\u001b[39m","message":"Server running in http://localhost:4000","timestamp":"2024-10-20T07:09:37.395Z"}
{"level":"\u001b[32minfo\u001b[39m","message":"Server running in http://localhost:4000","timestamp":"2024-10-20T07:09:48.823Z"}
{"level":"\u001b[32minfo\u001b[39m","message":"{\"method\":\"GET\",\"url\":\"/api/v1/health-check\",\"status\":\"200\",\"responseTime\":\"7.242\"}","timestamp":"2024-10-20T07:09:53.950Z"}
{"level":"\u001b[32minfo\u001b[39m","message":"Server running in http://localhost:4000","timestamp":"2024-10-20T07:11:02.811Z"}
{"level":"\u001b[32minfo\u001b[39m","message":"Server running in http://localhost:4000","timestamp":"2024-10-20T07:11:06.704Z"}
{"level":"\u001b[32minfo\u001b[39m","message":"Server running in http://localhost:4000","timestamp":"2024-10-20T07:11:09.379Z"}
{"level":"\u001b[32minfo\u001b[39m","message":"Server running in http://localhost:4000","timestamp":"2024-10-20T07:11:13.208Z"}
{"level":"\u001b[32minfo\u001b[39m","message":"Server running in http://localhost:4000","timestamp":"2024-10-20T07:11:18.718Z"}
{"level":"\u001b[32minfo\u001b[39m","message":"Server running in http://localhost:4000","timestamp":"2024-10-20T07:11:20.794Z"}
{"level":"\u001b[32minfo\u001b[39m","message":"Server running in http://localhost:4000","timestamp":"2024-10-20T07:11:29.674Z"}
{"level":"\u001b[32minfo\u001b[39m","message":"Server running in http://localhost:4000","timestamp":"2024-10-20T07:11:31.295Z"}
{"level":"\u001b[32minfo\u001b[39m","message":"{\"method\":\"GET\",\"url\":\"/api/v1/health-check\",\"status\":\"200\",\"responseTime\":\"7.871\"}","timestamp":"2024-10-20T07:11:35.086Z"}
{"level":"\u001b[32minfo\u001b[39m","message":"{\"method\":\"GET\",\"url\":\"/api/v1/health-check\",\"status\":\"200\",\"responseTime\":\"2.190\"}","timestamp":"2024-10-20T07:11:36.853Z"}
